# JRE version: OpenJDK Runtime Environment Temurin-11.0.16.1+1 (11.0.16.1+1) (build 11.0.16.1+1)
# Java VM: OpenJDK 64-Bit Server VM Temurin-11.0.16.1+1 (11.0.16.1+1, mixed mode, tiered, compressed oops, g1 gc, windows-amd64)
Heap:
 garbage-first heap   total 236544K, used 112340K [0x0000000741400000, 0x0000000800000000)
  region size 1024K, 86 young (88064K), 1 survivors (1024K)
 Metaspace       used 31334K, capacity 31772K, committed 32000K, reserved 1077248K
  class space    used 3327K, capacity 3460K, committed 3584K, reserved 1048576K
GC Heap History (20 events):
Event: 11510.211 GC heap before
{Heap before GC invocations=641 (full 0):
 garbage-first heap   total 236544K, used 166610K [0x0000000741400000, 0x0000000800000000)
  region size 1024K, 138 young (141312K), 1 survivors (1024K)
 Metaspace       used 31334K, capacity 31772K, committed 32000K, reserved 1077248K
  class space    used 3327K, capacity 3460K, committed 3584K, reserved 1048576K
}
Event: 11510.212 GC heap after
{Heap after GC invocations=642 (full 0):
 garbage-first heap   total 236544K, used 26324K [0x0000000741400000, 0x0000000800000000)
  region size 1024K, 1 young (1024K), 1 survivors (1024K)
 Metaspace       used 31334K, capacity 31772K, committed 32000K, reserved 1077248K
  class space    used 3327K, capacity 3460K, committed 3584K, reserved 1048576K
}
Event: 11528.411 GC heap before
{Heap before GC invocations=642 (full 0):
 garbage-first heap   total 236544K, used 166612K [0x0000000741400000, 0x0000000800000000)
  region size 1024K, 138 young (141312K), 1 survivors (1024K)
 Metaspace       used 31334K, capacity 31772K, committed 32000K, reserved 1077248K
  class space    used 3327K, capacity 3460K, committed 3584K, reserved 1048576K
}
Event: 11528.412 GC heap after
{Heap after GC invocations=643 (full 0):
 garbage-first heap   total 236544K, used 26324K [0x0000000741400000, 0x0000000800000000)
  region size 1024K, 1 young (1024K), 1 survivors (1024K)
 Metaspace       used 31334K, capacity 31772K, committed 32000K, reserved 1077248K
  class space    used 3327K, capacity 3460K, committed 3584K, reserved 1048576K
}
Event: 11546.559 GC heap before
{Heap before GC invocations=643 (full 0):
 garbage-first heap   total 236544K, used 166612K [0x0000000741400000, 0x0000000800000000)
  region size 1024K, 138 young (141312K), 1 survivors (1024K)
 Metaspace       used 31334K, capacity 31772K, committed 32000K, reserved 1077248K
  class space    used 3327K, capacity 3460K, committed 3584K, reserved 1048576K
}
Event: 11546.561 GC heap after
{Heap after GC invocations=644 (full 0):
 garbage-first heap   total 236544K, used 26324K [0x0000000741400000, 0x0000000800000000)
  region size 1024K, 1 young (1024K), 1 survivors (1024K)
 Metaspace       used 31334K, capacity 31772K, committed 32000K, reserved 1077248K
  class space    used 3327K, capacity 3460K, committed 3584K, reserved 1048576K
}
Event: 11564.794 GC heap before
{Heap before GC invocations=644 (full 0):
 garbage-first heap   total 236544K, used 166612K [0x0000000741400000, 0x0000000800000000)
  region size 1024K, 138 young (141312K), 1 survivors (1024K)
 Metaspace       used 31334K, capacity 31772K, committed 32000K, reserved 1077248K
  class space    used 3327K, capacity 3460K, committed 3584K, reserved 1048576K
}
Event: 11564.795 GC heap after
{Heap after GC invocations=645 (full 0):
 garbage-first heap   total 236544K, used 26324K [0x0000000741400000, 0x0000000800000000)
  region size 1024K, 1 young (1024K), 1 survivors (1024K)
 Metaspace       used 31334K, capacity 31772K, committed 32000K, reserved 1077248K
  class space    used 3327K, capacity 3460K, committed 3584K, reserved 1048576K
}
Event: 11583.060 GC heap before
{Heap before GC invocations=645 (full 0):
 garbage-first heap   total 236544K, used 166612K [0x0000000741400000, 0x0000000800000000)
  region size 1024K, 138 young (141312K), 1 survivors (1024K)
 Metaspace       used 31334K, capacity 31772K, committed 32000K, reserved 1077248K
  class space    used 3327K, capacity 3460K, committed 3584K, reserved 1048576K
}
Event: 11583.063 GC heap after
{Heap after GC invocations=646 (full 0):
 garbage-first heap   total 236544K, used 26322K [0x0000000741400000, 0x0000000800000000)
  region size 1024K, 1 young (1024K), 1 survivors (1024K)
 Metaspace       used 31334K, capacity 31772K, committed 32000K, reserved 1077248K
  class space    used 3327K, capacity 3460K, committed 3584K, reserved 1048576K
}
Event: 11601.227 GC heap before
{Heap before GC invocations=646 (full 0):
 garbage-first heap   total 236544K, used 166610K [0x0000000741400000, 0x0000000800000000)
  region size 1024K, 138 young (141312K), 1 survivors (1024K)
 Metaspace       used 31334K, capacity 31772K, committed 32000K, reserved 1077248K
  class space    used 3327K, capacity 3460K, committed 3584K, reserved 1048576K
}
Event: 11601.228 GC heap after
{Heap after GC invocations=647 (full 0):
 garbage-first heap   total 236544K, used 26324K [0x0000000741400000, 0x0000000800000000)
  region size 1024K, 1 young (1024K), 1 survivors (1024K)
 Metaspace       used 31334K, capacity 31772K, committed 32000K, reserved 1077248K
  class space    used 3327K, capacity 3460K, committed 3584K, reserved 1048576K
}
Event: 11619.557 GC heap before
{Heap before GC invocations=647 (full 0):
 garbage-first heap   total 236544K, used 166612K [0x0000000741400000, 0x0000000800000000)
  region size 1024K, 138 young (141312K), 1 survivors (1024K)
 Metaspace       used 31334K, capacity 31772K, committed 32000K, reserved 1077248K
  class space    used 3327K, capacity 3460K, committed 3584K, reserved 1048576K
}
Event: 11619.558 GC heap after
{Heap after GC invocations=648 (full 0):
 garbage-first heap   total 236544K, used 26324K [0x0000000741400000, 0x0000000800000000)
  region size 1024K, 1 young (1024K), 1 survivors (1024K)
 Metaspace       used 31334K, capacity 31772K, committed 32000K, reserved 1077248K
  class space    used 3327K, capacity 3460K, committed 3584K, reserved 1048576K
}
Event: 11637.758 GC heap before
{Heap before GC invocations=648 (full 0):
 garbage-first heap   total 236544K, used 166612K [0x0000000741400000, 0x0000000800000000)
  region size 1024K, 138 young (141312K), 1 survivors (1024K)
 Metaspace       used 31334K, capacity 31772K, committed 32000K, reserved 1077248K
  class space    used 3327K, capacity 3460K, committed 3584K, reserved 1048576K
}
Event: 11637.760 GC heap after
{Heap after GC invocations=649 (full 0):
 garbage-first heap   total 236544K, used 26322K [0x0000000741400000, 0x0000000800000000)
  region size 1024K, 1 young (1024K), 1 survivors (1024K)
 Metaspace       used 31334K, capacity 31772K, committed 32000K, reserved 1077248K
  class space    used 3327K, capacity 3460K, committed 3584K, reserved 1048576K
}
Event: 11655.906 GC heap before
{Heap before GC invocations=649 (full 0):
 garbage-first heap   total 236544K, used 166610K [0x0000000741400000, 0x0000000800000000)
  region size 1024K, 138 young (141312K), 1 survivors (1024K)
 Metaspace       used 31334K, capacity 31772K, committed 32000K, reserved 1077248K
  class space    used 3327K, capacity 3460K, committed 3584K, reserved 1048576K
}
Event: 11655.906 GC heap after
{Heap after GC invocations=650 (full 0):
 garbage-first heap   total 236544K, used 26324K [0x0000000741400000, 0x0000000800000000)
  region size 1024K, 1 young (1024K), 1 survivors (1024K)
 Metaspace       used 31334K, capacity 31772K, committed 32000K, reserved 1077248K
  class space    used 3327K, capacity 3460K, committed 3584K, reserved 1048576K
}
Event: 11674.122 GC heap before
{Heap before GC invocations=650 (full 0):
 garbage-first heap   total 236544K, used 166612K [0x0000000741400000, 0x0000000800000000)
  region size 1024K, 138 young (141312K), 1 survivors (1024K)
 Metaspace       used 31334K, capacity 31772K, committed 32000K, reserved 1077248K
  class space    used 3327K, capacity 3460K, committed 3584K, reserved 1048576K
}
Event: 11674.123 GC heap after
{Heap after GC invocations=651 (full 0):
 garbage-first heap   total 236544K, used 26324K [0x0000000741400000, 0x0000000800000000)
  region size 1024K, 1 young (1024K), 1 survivors (1024K)
 Metaspace       used 31334K, capacity 31772K, committed 32000K, reserved 1077248K
  class space    used 3327K, capacity 3460K, committed 3584K, reserved 1048576K
}

